[+] Containers:
 |- [+] Container: /Game/ThirdPerson/Maps/ThirdPersonMap
 |   |- [+] ActorDescs:
 |   |   |- Guid:05789FDB4A7F547AA0A4EC8F7C31C664 BaseClass: NativeClass:/Script/Engine.StaticMeshActor Name:StaticMeshActor_UAID_10BF48885BE65E6301_1322304247 Label:Plane13 SpatiallyLoaded:1 Bounds:IsValid=true, Min=(X=1612.740 Y=441.093 Z=216.332), Max=(X=1732.177 Y=1118.454 Z=450.213) RuntimeGrid:None EditorOnly:0 RuntimeOnly:0 HLODRelevant:1
 |   |   |- Guid:08F9DC56444CFFF3F13B379E81EF05BC BaseClass: NativeClass:/Script/Engine.StaticMeshActor Name:StaticMeshActor_16 Label:SM_Cube11 SpatiallyLoaded:1 Bounds:IsValid=true, Min=(X=400.000 Y=2600.000 Z=0.000), Max=(X=700.000 Y=2900.000 Z=200.000) RuntimeGrid:None EditorOnly:0 RuntimeOnly:0 HLODRelevant:1 FolderPath:Block03 FolderGuid:7B7009C345D3D6DD94D3429E1D79C034
 |   |   |- Guid:0E7C0A064F865F6AD9BC4EB12B406C5A BaseClass: NativeClass:/Script/Engine.StaticMeshActor Name:StaticMeshActor_UAID_10BF48885BE65A6301_1296891548 Label:Plane12 SpatiallyLoaded:1 Bounds:IsValid=true, Min=(X=1359.677 Y=446.830 Z=-5816.356), Max=(X=1359.677 Y=1921.830 Z=-4588.389) RuntimeGrid:None EditorOnly:0 RuntimeOnly:0 HLODRelevant:1
 |   |   |- Guid:1A789DC8415097E9856E5DB60740F01D BaseClass: NativeClass:/Script/Engine.StaticMeshActor Name:StaticMeshActor_34 Label:SM_QuarterCylinder13 SpatiallyLoaded:1 Bounds:IsValid=true, Min=(X=2000.000 Y=500.000 Z=0.000), Max=(X=2200.000 Y=700.000 Z=100.000) RuntimeGrid:None EditorOnly:0 RuntimeOnly:0 HLODRelevant:1 FolderPath:Cylinder FolderGuid:D075E5BA49330D3EC2503D81A7CF88D1
 |   |   |- Guid:1B8017A845351E03E556BA9F1A1E2793 BaseClass:/Game/MyBlueprints/BP_Obsticle.BP_Obsticle_C NativeClass:/Script/Engine.Actor Name:BP_Obsticle_C_UAID_10BF48885BE6636301_1577548135 Label:BP_Obsticle SpatiallyLoaded:1 Bounds:IsValid=true, Min=(X=1088.531 Y=778.333 Z=-898.544), Max=(X=1152.531 Y=842.333 Z=-834.544) RuntimeGrid:None EditorOnly:0 RuntimeOnly:0 HLODRelevant:0
 |   |   |- Guid:1B9598344A1F20E1A5125DA8A7E9FC0F BaseClass: NativeClass:/Script/Engine.StaticMeshActor Name:StaticMeshActor_22 Label:SM_QuarterCylinder4 SpatiallyLoaded:1 Bounds:IsValid=true, Min=(X=300.000 Y=2600.000 Z=0.000), Max=(X=400.000 Y=2700.000 Z=200.000) RuntimeGrid:None EditorOnly:0 RuntimeOnly:0 HLODRelevant:1 FolderPath:Block03 FolderGuid:7B7009C345D3D6DD94D3429E1D79C034
 |   |   |- Guid:2FB58999456391D349DC0F86DAC136ED BaseClass: NativeClass:/Script/Engine.SkyLight Name:SkyLight_1 Label:SkyLight SpatiallyLoaded:0 Bounds:IsValid=true, Min=(X=0.000 Y=0.000 Z=690.000), Max=(X=0.000 Y=0.000 Z=690.000) RuntimeGrid:None EditorOnly:0 RuntimeOnly:0 HLODRelevant:0 FolderPath:Lighting FolderGuid:963EC3EB4002CCE9759E2EBA541A873A
 |   |   |- Guid:316CF2A6494ACA4C0E4180A87D36AB8F BaseClass: NativeClass:/Script/Engine.ExponentialHeightFog Name:ExponentialHeightFog_0 Label:ExponentialHeightFog SpatiallyLoaded:0 Bounds:IsValid=true, Min=(X=-5600.000 Y=-50.000 Z=-6850.000), Max=(X=-5600.000 Y=-50.000 Z=-6850.000) RuntimeGrid:None EditorOnly:0 RuntimeOnly:0 HLODRelevant:0 FolderPath:Lighting FolderGuid:963EC3EB4002CCE9759E2EBA541A873A
 |   |   |- Guid:3657C1C14D20B68E3AF81AA5AC201BAF BaseClass: NativeClass:/Script/Engine.StaticMeshActor Name:StaticMeshActor_UAID_10BF48885BE65A6301_1158295544 Label:Plane10 SpatiallyLoaded:1 Bounds:IsValid=true, Min=(X=2607.104 Y=446.830 Z=-1303.473), Max=(X=2607.104 Y=1921.830 Z=296.527) RuntimeGrid:None EditorOnly:0 RuntimeOnly:0 HLODRelevant:1
 |   |   |- Guid:38BA9A3C42484907CD2B7BB94B764813 BaseClass: NativeClass:/Script/Engine.StaticMeshActor Name:StaticMeshActor_UAID_10BF48885BE6256301_1986441216 Label:Plane SpatiallyLoaded:1 Bounds:IsValid=true, Min=(X=1359.677 Y=446.830 Z=-932.257), Max=(X=1359.677 Y=1921.830 Z=295.709) RuntimeGrid:None EditorOnly:0 RuntimeOnly:0 HLODRelevant:1
 |   |   |- Guid:3A00AA1C422CE54C0BDB60BAF471BFBB BaseClass: NativeClass:/Script/Engine.PlayerStart Name:PlayerStart_0 Label:PlayerStart SpatiallyLoaded:0 Bounds:IsValid=true, Min=(X=9.744 Y=618.582 Z=512.965), Max=(X=89.744 Y=698.582 Z=696.965) RuntimeGrid:None EditorOnly:0 RuntimeOnly:0 HLODRelevant:0
 |   |   |- Guid:423AEF1044F6FA9BC346829B48F78A52 BaseClass:/Game/MyBlueprints/TenticleController.TenticleController_C NativeClass:/Script/Engine.Pawn Name:TenticleController_C_UAID_10BF48885BE6246301_1221427039 Label:TenticleController SpatiallyLoaded:1 Bounds:IsValid=true, Min=(X=1245.000 Y=547.500 Z=-280.000), Max=(X=1442.757 Y=1772.500 Z=569.677) RuntimeGrid:None EditorOnly:0 RuntimeOnly:0 HLODRelevant:0
 |   |   |- Guid:43E914F648E21A8FC5692C98FEA711A5 BaseClass: NativeClass:/Script/Engine.StaticMeshActor Name:StaticMeshActor_UAID_10BF48885BE65E6301_1333381248 Label:Plane14 SpatiallyLoaded:1 Bounds:IsValid=true, Min=(X=1905.216 Y=1291.574 Z=266.784), Max=(X=2094.919 Y=1812.778 Z=538.683) RuntimeGrid:None EditorOnly:0 RuntimeOnly:0 HLODRelevant:1
 |   |   |- Guid:48124FFB4D9DB4FABCA4BC966F21BF8B BaseClass: NativeClass:/Script/Engine.StaticMeshActor Name:StaticMeshActor_UAID_10BF48885BE65E6301_1449488250 Label:Plane18 SpatiallyLoaded:1 Bounds:IsValid=true, Min=(X=1951.450 Y=301.876 Z=284.057), Max=(X=2199.913 Y=984.523 Z=555.956) RuntimeGrid:None EditorOnly:0 RuntimeOnly:0 HLODRelevant:1
 |   |   |- Guid:4D3BE93F4146AAAC8BBE79999D96D57F BaseClass: NativeClass:/Script/Engine.VolumetricCloud Name:VolumetricCloud_0 Label:VolumetricCloud SpatiallyLoaded:0 Bounds:IsValid=true, Min=(X=0.000 Y=0.000 Z=820.000), Max=(X=0.000 Y=0.000 Z=820.000) RuntimeGrid:None EditorOnly:0 RuntimeOnly:0 HLODRelevant:0 FolderPath:Lighting FolderGuid:963EC3EB4002CCE9759E2EBA541A873A
 |   |   |- Guid:512C988C4DBFE487924B46A9BA8662A2 BaseClass: NativeClass:/Script/Engine.StaticMeshActor Name:StaticMeshActor_UAID_10BF48885BE65F6301_1722196428 Label:Plane16 SpatiallyLoaded:1 Bounds:IsValid=true, Min=(X=1763.761 Y=1370.270 Z=266.591), Max=(X=1866.440 Y=1952.593 Z=500.472) RuntimeGrid:None EditorOnly:0 RuntimeOnly:0 HLODRelevant:1
 |   |   |- Guid:52030853495F627B7469118BF00D73CB BaseClass: NativeClass:/Script/Engine.StaticMeshActor Name:StaticMeshActor_UAID_10BF48885BE65A6301_1133243543 Label:Plane9 SpatiallyLoaded:1 Bounds:IsValid=true, Min=(X=1350.327 Y=-629.318 Z=-395.756), Max=(X=1350.327 Y=431.295 Z=302.140) RuntimeGrid:None EditorOnly:0 RuntimeOnly:0 HLODRelevant:1
 |   |   |- Guid:5B97F4A64FB21F77EFC44386BF705B4C BaseClass: NativeClass:/Script/Engine.TextRenderActor Name:TextRenderActor_1 Label:TextRenderActor SpatiallyLoaded:1 Bounds:IsValid=true, Min=(X=-0.100 Y=1100.000 Z=65.013), Max=(X=-0.100 Y=2392.308 Z=215.013) RuntimeGrid:None EditorOnly:0 RuntimeOnly:0 HLODRelevant:0
 |   |   |- Guid:5E4DB4154690C8B4EB14EAA9E92FAAFF BaseClass: NativeClass:/Script/Engine.StaticMeshActor Name:StaticMeshActor_33 Label:SM_QuarterCylinder12 SpatiallyLoaded:1 Bounds:IsValid=true, Min=(X=2000.000 Y=700.000 Z=0.000), Max=(X=2200.000 Y=900.000 Z=100.000) RuntimeGrid:None EditorOnly:0 RuntimeOnly:0 HLODRelevant:1 FolderPath:Cylinder FolderGuid:D075E5BA49330D3EC2503D81A7CF88D1
 |   |   |- Guid:60BF8CF548E6C08FBBE0178BE223D536 BaseClass: NativeClass:/Script/Engine.StaticMeshActor Name:StaticMeshActor_UAID_10BF48885BE6586301_1326140193 Label:Plane4 SpatiallyLoaded:1 Bounds:IsValid=true, Min=(X=1478.773 Y=498.501 Z=238.063), Max=(X=1682.417 Y=1058.008 Z=410.454) RuntimeGrid:None EditorOnly:0 RuntimeOnly:0 HLODRelevant:1
 |   |   |- Guid:6109ADB1404C1AA873B1578136544C01 BaseClass: NativeClass:/Script/Engine.StaticMeshActor Name:StaticMeshActor_UAID_10BF48885BE65E6301_1437369247 Label:Plane15 SpatiallyLoaded:1 Bounds:IsValid=true, Min=(X=1790.371 Y=-120.979 Z=216.332), Max=(X=1992.610 Y=434.666 Z=450.213) RuntimeGrid:None EditorOnly:0 RuntimeOnly:0 HLODRelevant:1
 |   |   |- Guid:6BAF4DDD444C60371492D3919DB42C97 BaseClass: NativeClass:/Script/Engine.WorldDataLayers Name:WorldDataLayers Label:WorldDataLayers SpatiallyLoaded:0 Bounds:IsValid=true, Min=(X=0.000 Y=0.000 Z=0.000), Max=(X=0.000 Y=0.000 Z=0.000) RuntimeGrid:None EditorOnly:0 RuntimeOnly:0 HLODRelevant:0
 |   |   |- Guid:722A6AA1407E03D64898EFAD6282482A BaseClass:/Game/MyBlueprints/BP_Collectable.BP_Collectable_C NativeClass:/Script/Engine.Actor Name:BP_Collectable_C_UAID_10BF48885BE65F6301_1752627429 Label:BP_Collectable2 SpatiallyLoaded:1 Bounds:IsValid=true, Min=(X=1312.806 Y=1338.593 Z=-1609.175), Max=(X=1374.608 Y=1554.894 Z=-1399.376) RuntimeGrid:None EditorOnly:0 RuntimeOnly:0 HLODRelevant:0
 |   |   |- Guid:88C085A64BD92DC7E31DD18673DD4F38 BaseClass: NativeClass:/Script/Engine.StaticMeshActor Name:StaticMeshActor_UAID_10BF48885BE65F6301_1679451427 Label:Plane15 SpatiallyLoaded:1 Bounds:IsValid=true, Min=(X=1465.232 Y=1676.298 Z=232.038), Max=(X=1714.142 Y=2360.172 Z=465.919) RuntimeGrid:None EditorOnly:0 RuntimeOnly:0 HLODRelevant:1
 |   |   |- Guid:89E78FE7454996F6F66061A430987ABB BaseClass:/Game/MyBlueprints/BP_Obsticle.BP_Obsticle_C NativeClass:/Script/Engine.Actor Name:BP_Obsticle_C_UAID_10BF48885BE6646301_1231954313 Label:BP_Obsticle3 SpatiallyLoaded:1 Bounds:IsValid=true, Min=(X=1289.952 Y=1328.272 Z=-733.924), Max=(X=1405.779 Y=1476.729 Z=-585.467) RuntimeGrid:None EditorOnly:0 RuntimeOnly:0 HLODRelevant:0
 |   |   |- Guid:94B91F154AFBB5E1AB454684BDA26237 BaseClass: NativeClass:/Script/Engine.StaticMeshActor Name:StaticMeshActor_UAID_10BF48885BE65E6301_1437374248 Label:Plane16 SpatiallyLoaded:1 Bounds:IsValid=true, Min=(X=1718.531 Y=28.878 Z=207.318), Max=(X=1882.986 Y=313.723 Z=441.199) RuntimeGrid:None EditorOnly:0 RuntimeOnly:0 HLODRelevant:1
 |   |   |- Guid:94F6D9A645798F5BAD0B58BEED8F27F5 BaseClass: NativeClass:/Script/Engine.StaticMeshActor Name:StaticMeshActor_32 Label:SM_QuarterCylinder11 SpatiallyLoaded:1 Bounds:IsValid=true, Min=(X=2200.000 Y=700.000 Z=-0.000), Max=(X=2400.000 Y=900.000 Z=100.000) RuntimeGrid:None EditorOnly:0 RuntimeOnly:0 HLODRelevant:1 FolderPath:Cylinder FolderGuid:D075E5BA49330D3EC2503D81A7CF88D1
 |   |   |- Guid:9BFF363746062F457E2F92A4631DBA20 BaseClass: NativeClass:/Script/Engine.StaticMeshActor Name:StaticMeshActor_11 Label:SM_ChamferCube3 SpatiallyLoaded:1 Bounds:IsValid=true, Min=(X=481.699 Y=2271.699 Z=0.013), Max=(X=618.301 Y=2408.301 Z=100.013) RuntimeGrid:None EditorOnly:0 RuntimeOnly:0 HLODRelevant:0
 |   |   |- Guid:A276BA8A4BE69C028017A8BA8940D753 BaseClass: NativeClass:/Script/Engine.StaticMeshActor Name:StaticMeshActor_UAID_10BF48885BE6586301_1390647195 Label:Plane6 SpatiallyLoaded:1 Bounds:IsValid=true, Min=(X=1813.584 Y=792.177 Z=266.591), Max=(X=1813.584 Y=1383.483 Z=500.472) RuntimeGrid:None EditorOnly:0 RuntimeOnly:0 HLODRelevant:1
 |   |   |- Guid:AC97EF7C45473C4072EC1E9CE49BBE89 BaseClass: NativeClass:/Script/Engine.StaticMeshActor Name:StaticMeshActor_UAID_10BF48885BE65A6301_1277066546 Label:Plane10 SpatiallyLoaded:1 Bounds:IsValid=true, Min=(X=1359.677 Y=446.830 Z=-3371.760), Max=(X=1359.677 Y=1921.830 Z=-2143.794) RuntimeGrid:None EditorOnly:0 RuntimeOnly:0 HLODRelevant:1
 |   |   |- Guid:ADBDFA7D4D88E6DF932B94B595EC5369 BaseClass: NativeClass:/Script/Engine.StaticMeshActor Name:StaticMeshActor_UAID_10BF48885BE6596301_1843737373 Label:Plane8 SpatiallyLoaded:1 Bounds:IsValid=true, Min=(X=1350.327 Y=1911.311 Z=-6093.985), Max=(X=1350.327 Y=2971.924 Z=302.393) RuntimeGrid:None EditorOnly:0 RuntimeOnly:0 HLODRelevant:1
 |   |   |- Guid:B71DBE124A86BAA9C4A5B9888D31C1E2 BaseClass: NativeClass:/Script/Engine.StaticMeshActor Name:StaticMeshActor_UAID_10BF48885BE6576301_2122456016 Label:Plane3 SpatiallyLoaded:1 Bounds:IsValid=true, Min=(X=1355.959 Y=-766.668 Z=298.698), Max=(X=2955.959 Y=3135.329 Z=298.698) RuntimeGrid:None EditorOnly:0 RuntimeOnly:0 HLODRelevant:1
 |   |   |- Guid:B785ED2844B84CFB91E7F39FE661CD99 BaseClass: NativeClass:/Script/Engine.DirectionalLight Name:DirectionalLight_0 Label:DirectionalLight SpatiallyLoaded:0 Bounds:IsValid=true, Min=(X=-1048576.000 Y=-1048576.000 Z=-1048576.000), Max=(X=1048576.000 Y=1048576.000 Z=1048576.000) RuntimeGrid:None EditorOnly:0 RuntimeOnly:0 HLODRelevant:0 FolderPath:Lighting FolderGuid:963EC3EB4002CCE9759E2EBA541A873A
 |   |   |- Guid:B92FA2A047FFD8B992CA409137433683 BaseClass: NativeClass:/Script/Engine.StaticMeshActor Name:StaticMeshActor_UAID_10BF48885BE6596301_1579750372 Label:Plane7 SpatiallyLoaded:1 Bounds:IsValid=true, Min=(X=1350.343 Y=1796.117 Z=-6093.985), Max=(X=1350.343 Y=1935.873 Z=302.393) RuntimeGrid:None EditorOnly:0 RuntimeOnly:0 HLODRelevant:1
 |   |   |- Guid:B98518CD4580C0106A08C3905B8ABAA1 BaseClass:/Game/MyBlueprints/BP_Collectable.BP_Collectable_C NativeClass:/Script/Engine.Actor Name:BP_Collectable_C_UAID_10BF48885BE65F6301_1755159430 Label:BP_Collectable3 SpatiallyLoaded:1 Bounds:IsValid=true, Min=(X=1312.806 Y=548.337 Z=-2806.309), Max=(X=1374.608 Y=799.681 Z=-2557.154) RuntimeGrid:None EditorOnly:0 RuntimeOnly:0 HLODRelevant:0
 |   |   |- Guid:BBF97E06419F0036D1F7DD806C155B6A BaseClass: NativeClass:/Script/Engine.StaticMeshActor Name:StaticMeshActor_UAID_10BF48885BE65E6301_1437377249 Label:Plane17 SpatiallyLoaded:1 Bounds:IsValid=true, Min=(X=1936.139 Y=179.671 Z=266.591), Max=(X=2231.792 Y=691.757 Z=500.472) RuntimeGrid:None EditorOnly:0 RuntimeOnly:0 HLODRelevant:1
 |   |   |- Guid:BFBB044746B97C30DCA6039CD1A7BA15 BaseClass:/Game/MyBlueprints/BP_Obsticle.BP_Obsticle_C NativeClass:/Script/Engine.Actor Name:BP_Obsticle_C_UAID_10BF48885BE6646301_1227406312 Label:BP_Obsticle2 SpatiallyLoaded:1 Bounds:IsValid=true, Min=(X=1275.595 Y=1166.975 Z=-994.278), Max=(X=1420.136 Y=1334.419 Z=-826.834) RuntimeGrid:None EditorOnly:0 RuntimeOnly:0 HLODRelevant:0
 |   |   |- Guid:C8BE151B4F5E07F6BD677E92935BCE27 BaseClass: NativeClass:/Script/Engine.StaticMeshActor Name:StaticMeshActor_UAID_10BF48885BE6576301_1740745015 Label:Plane2 SpatiallyLoaded:1 Bounds:IsValid=true, Min=(X=1352.719 Y=444.478 Z=273.113), Max=(X=1352.719 Y=1924.849 Z=299.976) RuntimeGrid:None EditorOnly:0 RuntimeOnly:0 HLODRelevant:1
 |   |   |- Guid:CBBE2EC544FEF27AB79B4289B16E6D54 BaseClass: NativeClass:/Script/Engine.StaticMeshActor Name:StaticMeshActor_UAID_10BF48885BE65A6301_1285888547 Label:Plane11 SpatiallyLoaded:1 Bounds:IsValid=true, Min=(X=1359.677 Y=446.830 Z=-4593.944), Max=(X=1359.677 Y=1921.830 Z=-3365.978) RuntimeGrid:None EditorOnly:0 RuntimeOnly:0 HLODRelevant:1
 |   |   |- Guid:CCFF262C46EEFFDF319E7F9539CE697E BaseClass: NativeClass:/Script/Engine.SkyAtmosphere Name:SkyAtmosphere_0 Label:SkyAtmosphere SpatiallyLoaded:0 Bounds:IsValid=true, Min=(X=0.000 Y=0.000 Z=1020.000), Max=(X=0.000 Y=0.000 Z=1020.000) RuntimeGrid:None EditorOnly:0 RuntimeOnly:0 HLODRelevant:0 FolderPath:Lighting FolderGuid:963EC3EB4002CCE9759E2EBA541A873A
 |   |   |- Guid:DBC730174A7F51D9E14433AEF0C30A39 BaseClass: NativeClass:/Script/Engine.StaticMeshActor Name:StaticMeshActor_24 Label:SM_Cube13 SpatiallyLoaded:1 Bounds:IsValid=true, Min=(X=300.000 Y=2700.000 Z=0.000), Max=(X=400.000 Y=2800.000 Z=200.000) RuntimeGrid:None EditorOnly:0 RuntimeOnly:0 HLODRelevant:1 FolderPath:Block03 FolderGuid:7B7009C345D3D6DD94D3429E1D79C034
 |   |   |- Guid:DE3A079B4635A6D8D620CCBC6C0BB1C0 BaseClass: NativeClass:/Script/Engine.StaticMeshActor Name:StaticMeshActor_35 Label:SM_QuarterCylinder14 SpatiallyLoaded:1 Bounds:IsValid=true, Min=(X=2200.000 Y=500.000 Z=0.000), Max=(X=2400.000 Y=700.000 Z=100.000) RuntimeGrid:None EditorOnly:0 RuntimeOnly:0 HLODRelevant:1 FolderPath:Cylinder FolderGuid:D075E5BA49330D3EC2503D81A7CF88D1
 |   |   |- Guid:E3A7F209425C412846FF26935ADAD9DC BaseClass: NativeClass:/Script/Engine.StaticMeshActor Name:StaticMeshActor_UAID_10BF48885BE65A6301_1182245545 Label:Plane9 SpatiallyLoaded:1 Bounds:IsValid=true, Min=(X=1359.677 Y=446.830 Z=-2152.052), Max=(X=1359.677 Y=1921.830 Z=-924.085) RuntimeGrid:None EditorOnly:0 RuntimeOnly:0 HLODRelevant:1
 |   |   |- Guid:E3FC2B8049C2E3B2156A2B983395C208 BaseClass:/Game/MyBlueprints/BP_Collectable.BP_Collectable_C NativeClass:/Script/Engine.Actor Name:BP_Collectable_C_UAID_10BF48885BE65C6301_1488490895 Label:BP_Collectable SpatiallyLoaded:1 Bounds:IsValid=true, Min=(X=1312.806 Y=743.760 Z=-727.254), Max=(X=1374.608 Y=960.061 Z=-517.455) RuntimeGrid:None EditorOnly:0 RuntimeOnly:0 HLODRelevant:0
 |   |   |- Guid:E73E39994140315EB81324BF0A5D6400 BaseClass: NativeClass:/Script/Engine.StaticMeshActor Name:StaticMeshActor_10 Label:SM_ChamferCube2 SpatiallyLoaded:1 Bounds:IsValid=true, Min=(X=992.077 Y=2692.077 Z=0.013), Max=(X=1107.923 Y=2807.923 Z=100.013) RuntimeGrid:None EditorOnly:0 RuntimeOnly:0 HLODRelevant:0
 |   |   |- Guid:E864EE5542C27D6674BEBB9312F02BB4 BaseClass: NativeClass:/Script/Engine.StaticMeshActor Name:StaticMeshActor_23 Label:SM_QuarterCylinder5 SpatiallyLoaded:1 Bounds:IsValid=true, Min=(X=300.000 Y=2800.000 Z=0.000), Max=(X=400.000 Y=2900.000 Z=200.000) RuntimeGrid:None EditorOnly:0 RuntimeOnly:0 HLODRelevant:1 FolderPath:Block03 FolderGuid:7B7009C345D3D6DD94D3429E1D79C034
 |   |   |- Guid:EC4E0C944CE6AC6E784BC6BB2916EA13 BaseClass: NativeClass:/Script/Engine.StaticMeshActor Name:StaticMeshActor_UAID_A4AE111137DC5EFB00_1110535423 Label:SM_SkySphere SpatiallyLoaded:0 Bounds:IsValid=true, Min=(X=-1638400.000 Y=-1638400.000 Z=-1638400.000), Max=(X=1638400.000 Y=1638400.000 Z=1638400.000) RuntimeGrid:None EditorOnly:0 RuntimeOnly:0 HLODRelevant:1 FolderPath:Lighting FolderGuid:963EC3EB4002CCE9759E2EBA541A873A
 |   |   |- Guid:F5E3FEB3450C49844FD93DA8E083C8AD BaseClass: NativeClass:/Script/Engine.PostProcessVolume Name:PostProcessVolume_0 Label:PostProcessVolume SpatiallyLoaded:0 Bounds:IsValid=true, Min=(X=0.000 Y=0.000 Z=400.000), Max=(X=200.000 Y=200.000 Z=600.000) RuntimeGrid:None EditorOnly:0 RuntimeOnly:0 HLODRelevant:0 FolderPath:Lighting FolderGuid:963EC3EB4002CCE9759E2EBA541A873A
 |   |   |- Guid:F7D2438D4D7D402634C9A6808DD0866C BaseClass: NativeClass:/Script/Engine.StaticMeshActor Name:StaticMeshActor_UAID_10BF48885BE6586301_1370130194 Label:Plane5 SpatiallyLoaded:1 Bounds:IsValid=true, Min=(X=1631.723 Y=1027.302 Z=180.426), Max=(X=1762.016 Y=1766.233 Z=471.645) RuntimeGrid:None EditorOnly:0 RuntimeOnly:0 HLODRelevant:1
 |   |- [+] Clusters:
 |   |   |- [+] [  0]
 |   |   |   |- Guid:05789FDB4A7F547AA0A4EC8F7C31C664 BaseClass: NativeClass:/Script/Engine.StaticMeshActor Name:StaticMeshActor_UAID_10BF48885BE65E6301_1322304247 Label:Plane13 SpatiallyLoaded:1 Bounds:IsValid=true, Min=(X=1612.740 Y=441.093 Z=216.332), Max=(X=1732.177 Y=1118.454 Z=450.213) RuntimeGrid:None EditorOnly:0 RuntimeOnly:0 HLODRelevant:1
 |   |   |- [+] [  1]
 |   |   |   |- Guid:6BAF4DDD444C60371492D3919DB42C97 BaseClass: NativeClass:/Script/Engine.WorldDataLayers Name:WorldDataLayers Label:WorldDataLayers SpatiallyLoaded:0 Bounds:IsValid=true, Min=(X=0.000 Y=0.000 Z=0.000), Max=(X=0.000 Y=0.000 Z=0.000) RuntimeGrid:None EditorOnly:0 RuntimeOnly:0 HLODRelevant:0
 |   |   |- [+] [  2]
 |   |   |   |- Guid:C8BE151B4F5E07F6BD677E92935BCE27 BaseClass: NativeClass:/Script/Engine.StaticMeshActor Name:StaticMeshActor_UAID_10BF48885BE6576301_1740745015 Label:Plane2 SpatiallyLoaded:1 Bounds:IsValid=true, Min=(X=1352.719 Y=444.478 Z=273.113), Max=(X=1352.719 Y=1924.849 Z=299.976) RuntimeGrid:None EditorOnly:0 RuntimeOnly:0 HLODRelevant:1
 |   |   |- [+] [  3]
 |   |   |   |- Guid:F5E3FEB3450C49844FD93DA8E083C8AD BaseClass: NativeClass:/Script/Engine.PostProcessVolume Name:PostProcessVolume_0 Label:PostProcessVolume SpatiallyLoaded:0 Bounds:IsValid=true, Min=(X=0.000 Y=0.000 Z=400.000), Max=(X=200.000 Y=200.000 Z=600.000) RuntimeGrid:None EditorOnly:0 RuntimeOnly:0 HLODRelevant:0 FolderPath:Lighting FolderGuid:963EC3EB4002CCE9759E2EBA541A873A
 |   |   |- [+] [  4]
 |   |   |   |- Guid:E73E39994140315EB81324BF0A5D6400 BaseClass: NativeClass:/Script/Engine.StaticMeshActor Name:StaticMeshActor_10 Label:SM_ChamferCube2 SpatiallyLoaded:1 Bounds:IsValid=true, Min=(X=992.077 Y=2692.077 Z=0.013), Max=(X=1107.923 Y=2807.923 Z=100.013) RuntimeGrid:None EditorOnly:0 RuntimeOnly:0 HLODRelevant:0
 |   |   |- [+] [  5]
 |   |   |   |- Guid:52030853495F627B7469118BF00D73CB BaseClass: NativeClass:/Script/Engine.StaticMeshActor Name:StaticMeshActor_UAID_10BF48885BE65A6301_1133243543 Label:Plane9 SpatiallyLoaded:1 Bounds:IsValid=true, Min=(X=1350.327 Y=-629.318 Z=-395.756), Max=(X=1350.327 Y=431.295 Z=302.140) RuntimeGrid:None EditorOnly:0 RuntimeOnly:0 HLODRelevant:1
 |   |   |- [+] [  6]
 |   |   |   |- Guid:5B97F4A64FB21F77EFC44386BF705B4C BaseClass: NativeClass:/Script/Engine.TextRenderActor Name:TextRenderActor_1 Label:TextRenderActor SpatiallyLoaded:1 Bounds:IsValid=true, Min=(X=-0.100 Y=1100.000 Z=65.013), Max=(X=-0.100 Y=2392.308 Z=215.013) RuntimeGrid:None EditorOnly:0 RuntimeOnly:0 HLODRelevant:0
 |   |   |- [+] [  7]
 |   |   |   |- Guid:ADBDFA7D4D88E6DF932B94B595EC5369 BaseClass: NativeClass:/Script/Engine.StaticMeshActor Name:StaticMeshActor_UAID_10BF48885BE6596301_1843737373 Label:Plane8 SpatiallyLoaded:1 Bounds:IsValid=true, Min=(X=1350.327 Y=1911.311 Z=-6093.985), Max=(X=1350.327 Y=2971.924 Z=302.393) RuntimeGrid:None EditorOnly:0 RuntimeOnly:0 HLODRelevant:1
 |   |   |- [+] [  8]
 |   |   |   |- Guid:B92FA2A047FFD8B992CA409137433683 BaseClass: NativeClass:/Script/Engine.StaticMeshActor Name:StaticMeshActor_UAID_10BF48885BE6596301_1579750372 Label:Plane7 SpatiallyLoaded:1 Bounds:IsValid=true, Min=(X=1350.343 Y=1796.117 Z=-6093.985), Max=(X=1350.343 Y=1935.873 Z=302.393) RuntimeGrid:None EditorOnly:0 RuntimeOnly:0 HLODRelevant:1
 |   |   |- [+] [  9]
 |   |   |   |- Guid:38BA9A3C42484907CD2B7BB94B764813 BaseClass: NativeClass:/Script/Engine.StaticMeshActor Name:StaticMeshActor_UAID_10BF48885BE6256301_1986441216 Label:Plane SpatiallyLoaded:1 Bounds:IsValid=true, Min=(X=1359.677 Y=446.830 Z=-932.257), Max=(X=1359.677 Y=1921.830 Z=295.709) RuntimeGrid:None EditorOnly:0 RuntimeOnly:0 HLODRelevant:1
 |   |   |- [+] [ 10]
 |   |   |   |- Guid:4D3BE93F4146AAAC8BBE79999D96D57F BaseClass: NativeClass:/Script/Engine.VolumetricCloud Name:VolumetricCloud_0 Label:VolumetricCloud SpatiallyLoaded:0 Bounds:IsValid=true, Min=(X=0.000 Y=0.000 Z=820.000), Max=(X=0.000 Y=0.000 Z=820.000) RuntimeGrid:None EditorOnly:0 RuntimeOnly:0 HLODRelevant:0 FolderPath:Lighting FolderGuid:963EC3EB4002CCE9759E2EBA541A873A
 |   |   |- [+] [ 11]
 |   |   |   |- Guid:DBC730174A7F51D9E14433AEF0C30A39 BaseClass: NativeClass:/Script/Engine.StaticMeshActor Name:StaticMeshActor_24 Label:SM_Cube13 SpatiallyLoaded:1 Bounds:IsValid=true, Min=(X=300.000 Y=2700.000 Z=0.000), Max=(X=400.000 Y=2800.000 Z=200.000) RuntimeGrid:None EditorOnly:0 RuntimeOnly:0 HLODRelevant:1 FolderPath:Block03 FolderGuid:7B7009C345D3D6DD94D3429E1D79C034
 |   |   |- [+] [ 12]
 |   |   |   |- Guid:1A789DC8415097E9856E5DB60740F01D BaseClass: NativeClass:/Script/Engine.StaticMeshActor Name:StaticMeshActor_34 Label:SM_QuarterCylinder13 SpatiallyLoaded:1 Bounds:IsValid=true, Min=(X=2000.000 Y=500.000 Z=0.000), Max=(X=2200.000 Y=700.000 Z=100.000) RuntimeGrid:None EditorOnly:0 RuntimeOnly:0 HLODRelevant:1 FolderPath:Cylinder FolderGuid:D075E5BA49330D3EC2503D81A7CF88D1
 |   |   |- [+] [ 13]
 |   |   |   |- Guid:B71DBE124A86BAA9C4A5B9888D31C1E2 BaseClass: NativeClass:/Script/Engine.StaticMeshActor Name:StaticMeshActor_UAID_10BF48885BE6576301_2122456016 Label:Plane3 SpatiallyLoaded:1 Bounds:IsValid=true, Min=(X=1355.959 Y=-766.668 Z=298.698), Max=(X=2955.959 Y=3135.329 Z=298.698) RuntimeGrid:None EditorOnly:0 RuntimeOnly:0 HLODRelevant:1
 |   |   |- [+] [ 14]
 |   |   |   |- Guid:CCFF262C46EEFFDF319E7F9539CE697E BaseClass: NativeClass:/Script/Engine.SkyAtmosphere Name:SkyAtmosphere_0 Label:SkyAtmosphere SpatiallyLoaded:0 Bounds:IsValid=true, Min=(X=0.000 Y=0.000 Z=1020.000), Max=(X=0.000 Y=0.000 Z=1020.000) RuntimeGrid:None EditorOnly:0 RuntimeOnly:0 HLODRelevant:0 FolderPath:Lighting FolderGuid:963EC3EB4002CCE9759E2EBA541A873A
 |   |   |- [+] [ 15]
 |   |   |   |- Guid:EC4E0C944CE6AC6E784BC6BB2916EA13 BaseClass: NativeClass:/Script/Engine.StaticMeshActor Name:StaticMeshActor_UAID_A4AE111137DC5EFB00_1110535423 Label:SM_SkySphere SpatiallyLoaded:0 Bounds:IsValid=true, Min=(X=-1638400.000 Y=-1638400.000 Z=-1638400.000), Max=(X=1638400.000 Y=1638400.000 Z=1638400.000) RuntimeGrid:None EditorOnly:0 RuntimeOnly:0 HLODRelevant:1 FolderPath:Lighting FolderGuid:963EC3EB4002CCE9759E2EBA541A873A
 |   |   |- [+] [ 16]
 |   |   |   |- Guid:9BFF363746062F457E2F92A4631DBA20 BaseClass: NativeClass:/Script/Engine.StaticMeshActor Name:StaticMeshActor_11 Label:SM_ChamferCube3 SpatiallyLoaded:1 Bounds:IsValid=true, Min=(X=481.699 Y=2271.699 Z=0.013), Max=(X=618.301 Y=2408.301 Z=100.013) RuntimeGrid:None EditorOnly:0 RuntimeOnly:0 HLODRelevant:0
 |   |   |- [+] [ 17]
 |   |   |   |- Guid:B785ED2844B84CFB91E7F39FE661CD99 BaseClass: NativeClass:/Script/Engine.DirectionalLight Name:DirectionalLight_0 Label:DirectionalLight SpatiallyLoaded:0 Bounds:IsValid=true, Min=(X=-1048576.000 Y=-1048576.000 Z=-1048576.000), Max=(X=1048576.000 Y=1048576.000 Z=1048576.000) RuntimeGrid:None EditorOnly:0 RuntimeOnly:0 HLODRelevant:0 FolderPath:Lighting FolderGuid:963EC3EB4002CCE9759E2EBA541A873A
 |   |   |- [+] [ 18]
 |   |   |   |- Guid:CBBE2EC544FEF27AB79B4289B16E6D54 BaseClass: NativeClass:/Script/Engine.StaticMeshActor Name:StaticMeshActor_UAID_10BF48885BE65A6301_1285888547 Label:Plane11 SpatiallyLoaded:1 Bounds:IsValid=true, Min=(X=1359.677 Y=446.830 Z=-4593.944), Max=(X=1359.677 Y=1921.830 Z=-3365.978) RuntimeGrid:None EditorOnly:0 RuntimeOnly:0 HLODRelevant:1
 |   |   |- [+] [ 19]
 |   |   |   |- Guid:1B9598344A1F20E1A5125DA8A7E9FC0F BaseClass: NativeClass:/Script/Engine.StaticMeshActor Name:StaticMeshActor_22 Label:SM_QuarterCylinder4 SpatiallyLoaded:1 Bounds:IsValid=true, Min=(X=300.000 Y=2600.000 Z=0.000), Max=(X=400.000 Y=2700.000 Z=200.000) RuntimeGrid:None EditorOnly:0 RuntimeOnly:0 HLODRelevant:1 FolderPath:Block03 FolderGuid:7B7009C345D3D6DD94D3429E1D79C034
 |   |   |- [+] [ 20]
 |   |   |   |- Guid:5E4DB4154690C8B4EB14EAA9E92FAAFF BaseClass: NativeClass:/Script/Engine.StaticMeshActor Name:StaticMeshActor_33 Label:SM_QuarterCylinder12 SpatiallyLoaded:1 Bounds:IsValid=true, Min=(X=2000.000 Y=700.000 Z=0.000), Max=(X=2200.000 Y=900.000 Z=100.000) RuntimeGrid:None EditorOnly:0 RuntimeOnly:0 HLODRelevant:1 FolderPath:Cylinder FolderGuid:D075E5BA49330D3EC2503D81A7CF88D1
 |   |   |- [+] [ 21]
 |   |   |   |- Guid:316CF2A6494ACA4C0E4180A87D36AB8F BaseClass: NativeClass:/Script/Engine.ExponentialHeightFog Name:ExponentialHeightFog_0 Label:ExponentialHeightFog SpatiallyLoaded:0 Bounds:IsValid=true, Min=(X=-5600.000 Y=-50.000 Z=-6850.000), Max=(X=-5600.000 Y=-50.000 Z=-6850.000) RuntimeGrid:None EditorOnly:0 RuntimeOnly:0 HLODRelevant:0 FolderPath:Lighting FolderGuid:963EC3EB4002CCE9759E2EBA541A873A
 |   |   |- [+] [ 22]
 |   |   |   |- Guid:DE3A079B4635A6D8D620CCBC6C0BB1C0 BaseClass: NativeClass:/Script/Engine.StaticMeshActor Name:StaticMeshActor_35 Label:SM_QuarterCylinder14 SpatiallyLoaded:1 Bounds:IsValid=true, Min=(X=2200.000 Y=500.000 Z=0.000), Max=(X=2400.000 Y=700.000 Z=100.000) RuntimeGrid:None EditorOnly:0 RuntimeOnly:0 HLODRelevant:1 FolderPath:Cylinder FolderGuid:D075E5BA49330D3EC2503D81A7CF88D1
 |   |   |- [+] [ 23]
 |   |   |   |- Guid:0E7C0A064F865F6AD9BC4EB12B406C5A BaseClass: NativeClass:/Script/Engine.StaticMeshActor Name:StaticMeshActor_UAID_10BF48885BE65A6301_1296891548 Label:Plane12 SpatiallyLoaded:1 Bounds:IsValid=true, Min=(X=1359.677 Y=446.830 Z=-5816.356), Max=(X=1359.677 Y=1921.830 Z=-4588.389) RuntimeGrid:None EditorOnly:0 RuntimeOnly:0 HLODRelevant:1
 |   |   |- [+] [ 24]
 |   |   |   |- Guid:2FB58999456391D349DC0F86DAC136ED BaseClass: NativeClass:/Script/Engine.SkyLight Name:SkyLight_1 Label:SkyLight SpatiallyLoaded:0 Bounds:IsValid=true, Min=(X=0.000 Y=0.000 Z=690.000), Max=(X=0.000 Y=0.000 Z=690.000) RuntimeGrid:None EditorOnly:0 RuntimeOnly:0 HLODRelevant:0 FolderPath:Lighting FolderGuid:963EC3EB4002CCE9759E2EBA541A873A
 |   |   |- [+] [ 25]
 |   |   |   |- Guid:E864EE5542C27D6674BEBB9312F02BB4 BaseClass: NativeClass:/Script/Engine.StaticMeshActor Name:StaticMeshActor_23 Label:SM_QuarterCylinder5 SpatiallyLoaded:1 Bounds:IsValid=true, Min=(X=300.000 Y=2800.000 Z=0.000), Max=(X=400.000 Y=2900.000 Z=200.000) RuntimeGrid:None EditorOnly:0 RuntimeOnly:0 HLODRelevant:1 FolderPath:Block03 FolderGuid:7B7009C345D3D6DD94D3429E1D79C034
 |   |   |- [+] [ 26]
 |   |   |   |- Guid:E3A7F209425C412846FF26935ADAD9DC BaseClass: NativeClass:/Script/Engine.StaticMeshActor Name:StaticMeshActor_UAID_10BF48885BE65A6301_1182245545 Label:Plane9 SpatiallyLoaded:1 Bounds:IsValid=true, Min=(X=1359.677 Y=446.830 Z=-2152.052), Max=(X=1359.677 Y=1921.830 Z=-924.085) RuntimeGrid:None EditorOnly:0 RuntimeOnly:0 HLODRelevant:1
 |   |   |- [+] [ 27]
 |   |   |   |- Guid:08F9DC56444CFFF3F13B379E81EF05BC BaseClass: NativeClass:/Script/Engine.StaticMeshActor Name:StaticMeshActor_16 Label:SM_Cube11 SpatiallyLoaded:1 Bounds:IsValid=true, Min=(X=400.000 Y=2600.000 Z=0.000), Max=(X=700.000 Y=2900.000 Z=200.000) RuntimeGrid:None EditorOnly:0 RuntimeOnly:0 HLODRelevant:1 FolderPath:Block03 FolderGuid:7B7009C345D3D6DD94D3429E1D79C034
 |   |   |- [+] [ 28]
 |   |   |   |- Guid:94F6D9A645798F5BAD0B58BEED8F27F5 BaseClass: NativeClass:/Script/Engine.StaticMeshActor Name:StaticMeshActor_32 Label:SM_QuarterCylinder11 SpatiallyLoaded:1 Bounds:IsValid=true, Min=(X=2200.000 Y=700.000 Z=-0.000), Max=(X=2400.000 Y=900.000 Z=100.000) RuntimeGrid:None EditorOnly:0 RuntimeOnly:0 HLODRelevant:1 FolderPath:Cylinder FolderGuid:D075E5BA49330D3EC2503D81A7CF88D1
 |   |   |- [+] [ 29]
 |   |   |   |- Guid:3657C1C14D20B68E3AF81AA5AC201BAF BaseClass: NativeClass:/Script/Engine.StaticMeshActor Name:StaticMeshActor_UAID_10BF48885BE65A6301_1158295544 Label:Plane10 SpatiallyLoaded:1 Bounds:IsValid=true, Min=(X=2607.104 Y=446.830 Z=-1303.473), Max=(X=2607.104 Y=1921.830 Z=296.527) RuntimeGrid:None EditorOnly:0 RuntimeOnly:0 HLODRelevant:1
 |   |   |- [+] [ 30]
 |   |   |   |- Guid:AC97EF7C45473C4072EC1E9CE49BBE89 BaseClass: NativeClass:/Script/Engine.StaticMeshActor Name:StaticMeshActor_UAID_10BF48885BE65A6301_1277066546 Label:Plane10 SpatiallyLoaded:1 Bounds:IsValid=true, Min=(X=1359.677 Y=446.830 Z=-3371.760), Max=(X=1359.677 Y=1921.830 Z=-2143.794) RuntimeGrid:None EditorOnly:0 RuntimeOnly:0 HLODRelevant:1
 |   |   |- [+] [ 31]
 |   |   |   |- Guid:43E914F648E21A8FC5692C98FEA711A5 BaseClass: NativeClass:/Script/Engine.StaticMeshActor Name:StaticMeshActor_UAID_10BF48885BE65E6301_1333381248 Label:Plane14 SpatiallyLoaded:1 Bounds:IsValid=true, Min=(X=1905.216 Y=1291.574 Z=266.784), Max=(X=2094.919 Y=1812.778 Z=538.683) RuntimeGrid:None EditorOnly:0 RuntimeOnly:0 HLODRelevant:1
 |   |   |- [+] [ 32]
 |   |   |   |- Guid:60BF8CF548E6C08FBBE0178BE223D536 BaseClass: NativeClass:/Script/Engine.StaticMeshActor Name:StaticMeshActor_UAID_10BF48885BE6586301_1326140193 Label:Plane4 SpatiallyLoaded:1 Bounds:IsValid=true, Min=(X=1478.773 Y=498.501 Z=238.063), Max=(X=1682.417 Y=1058.008 Z=410.454) RuntimeGrid:None EditorOnly:0 RuntimeOnly:0 HLODRelevant:1
 |   |   |- [+] [ 33]
 |   |   |   |- Guid:F7D2438D4D7D402634C9A6808DD0866C BaseClass: NativeClass:/Script/Engine.StaticMeshActor Name:StaticMeshActor_UAID_10BF48885BE6586301_1370130194 Label:Plane5 SpatiallyLoaded:1 Bounds:IsValid=true, Min=(X=1631.723 Y=1027.302 Z=180.426), Max=(X=1762.016 Y=1766.233 Z=471.645) RuntimeGrid:None EditorOnly:0 RuntimeOnly:0 HLODRelevant:1
 |   |   |- [+] [ 34]
 |   |   |   |- Guid:3A00AA1C422CE54C0BDB60BAF471BFBB BaseClass: NativeClass:/Script/Engine.PlayerStart Name:PlayerStart_0 Label:PlayerStart SpatiallyLoaded:0 Bounds:IsValid=true, Min=(X=9.744 Y=618.582 Z=512.965), Max=(X=89.744 Y=698.582 Z=696.965) RuntimeGrid:None EditorOnly:0 RuntimeOnly:0 HLODRelevant:0
 |   |   |- [+] [ 35]
 |   |   |   |- Guid:423AEF1044F6FA9BC346829B48F78A52 BaseClass:/Game/MyBlueprints/TenticleController.TenticleController_C NativeClass:/Script/Engine.Pawn Name:TenticleController_C_UAID_10BF48885BE6246301_1221427039 Label:TenticleController SpatiallyLoaded:1 Bounds:IsValid=true, Min=(X=1245.000 Y=547.500 Z=-280.000), Max=(X=1442.757 Y=1772.500 Z=569.677) RuntimeGrid:None EditorOnly:0 RuntimeOnly:0 HLODRelevant:0
 |   |   |- [+] [ 36]
 |   |   |   |- Guid:A276BA8A4BE69C028017A8BA8940D753 BaseClass: NativeClass:/Script/Engine.StaticMeshActor Name:StaticMeshActor_UAID_10BF48885BE6586301_1390647195 Label:Plane6 SpatiallyLoaded:1 Bounds:IsValid=true, Min=(X=1813.584 Y=792.177 Z=266.591), Max=(X=1813.584 Y=1383.483 Z=500.472) RuntimeGrid:None EditorOnly:0 RuntimeOnly:0 HLODRelevant:1
 |   |   |- [+] [ 37]
 |   |   |   |- Guid:E3FC2B8049C2E3B2156A2B983395C208 BaseClass:/Game/MyBlueprints/BP_Collectable.BP_Collectable_C NativeClass:/Script/Engine.Actor Name:BP_Collectable_C_UAID_10BF48885BE65C6301_1488490895 Label:BP_Collectable SpatiallyLoaded:1 Bounds:IsValid=true, Min=(X=1312.806 Y=743.760 Z=-727.254), Max=(X=1374.608 Y=960.061 Z=-517.455) RuntimeGrid:None EditorOnly:0 RuntimeOnly:0 HLODRelevant:0
 |   |   |- [+] [ 38]
 |   |   |   |- Guid:6109ADB1404C1AA873B1578136544C01 BaseClass: NativeClass:/Script/Engine.StaticMeshActor Name:StaticMeshActor_UAID_10BF48885BE65E6301_1437369247 Label:Plane15 SpatiallyLoaded:1 Bounds:IsValid=true, Min=(X=1790.371 Y=-120.979 Z=216.332), Max=(X=1992.610 Y=434.666 Z=450.213) RuntimeGrid:None EditorOnly:0 RuntimeOnly:0 HLODRelevant:1
 |   |   |- [+] [ 39]
 |   |   |   |- Guid:94B91F154AFBB5E1AB454684BDA26237 BaseClass: NativeClass:/Script/Engine.StaticMeshActor Name:StaticMeshActor_UAID_10BF48885BE65E6301_1437374248 Label:Plane16 SpatiallyLoaded:1 Bounds:IsValid=true, Min=(X=1718.531 Y=28.878 Z=207.318), Max=(X=1882.986 Y=313.723 Z=441.199) RuntimeGrid:None EditorOnly:0 RuntimeOnly:0 HLODRelevant:1
 |   |   |- [+] [ 40]
 |   |   |   |- Guid:BBF97E06419F0036D1F7DD806C155B6A BaseClass: NativeClass:/Script/Engine.StaticMeshActor Name:StaticMeshActor_UAID_10BF48885BE65E6301_1437377249 Label:Plane17 SpatiallyLoaded:1 Bounds:IsValid=true, Min=(X=1936.139 Y=179.671 Z=266.591), Max=(X=2231.792 Y=691.757 Z=500.472) RuntimeGrid:None EditorOnly:0 RuntimeOnly:0 HLODRelevant:1
 |   |   |- [+] [ 41]
 |   |   |   |- Guid:48124FFB4D9DB4FABCA4BC966F21BF8B BaseClass: NativeClass:/Script/Engine.StaticMeshActor Name:StaticMeshActor_UAID_10BF48885BE65E6301_1449488250 Label:Plane18 SpatiallyLoaded:1 Bounds:IsValid=true, Min=(X=1951.450 Y=301.876 Z=284.057), Max=(X=2199.913 Y=984.523 Z=555.956) RuntimeGrid:None EditorOnly:0 RuntimeOnly:0 HLODRelevant:1
 |   |   |- [+] [ 42]
 |   |   |   |- Guid:88C085A64BD92DC7E31DD18673DD4F38 BaseClass: NativeClass:/Script/Engine.StaticMeshActor Name:StaticMeshActor_UAID_10BF48885BE65F6301_1679451427 Label:Plane15 SpatiallyLoaded:1 Bounds:IsValid=true, Min=(X=1465.232 Y=1676.298 Z=232.038), Max=(X=1714.142 Y=2360.172 Z=465.919) RuntimeGrid:None EditorOnly:0 RuntimeOnly:0 HLODRelevant:1
 |   |   |- [+] [ 43]
 |   |   |   |- Guid:512C988C4DBFE487924B46A9BA8662A2 BaseClass: NativeClass:/Script/Engine.StaticMeshActor Name:StaticMeshActor_UAID_10BF48885BE65F6301_1722196428 Label:Plane16 SpatiallyLoaded:1 Bounds:IsValid=true, Min=(X=1763.761 Y=1370.270 Z=266.591), Max=(X=1866.440 Y=1952.593 Z=500.472) RuntimeGrid:None EditorOnly:0 RuntimeOnly:0 HLODRelevant:1
 |   |   |- [+] [ 44]
 |   |   |   |- Guid:722A6AA1407E03D64898EFAD6282482A BaseClass:/Game/MyBlueprints/BP_Collectable.BP_Collectable_C NativeClass:/Script/Engine.Actor Name:BP_Collectable_C_UAID_10BF48885BE65F6301_1752627429 Label:BP_Collectable2 SpatiallyLoaded:1 Bounds:IsValid=true, Min=(X=1312.806 Y=1338.593 Z=-1609.175), Max=(X=1374.608 Y=1554.894 Z=-1399.376) RuntimeGrid:None EditorOnly:0 RuntimeOnly:0 HLODRelevant:0
 |   |   |- [+] [ 45]
 |   |   |   |- Guid:B98518CD4580C0106A08C3905B8ABAA1 BaseClass:/Game/MyBlueprints/BP_Collectable.BP_Collectable_C NativeClass:/Script/Engine.Actor Name:BP_Collectable_C_UAID_10BF48885BE65F6301_1755159430 Label:BP_Collectable3 SpatiallyLoaded:1 Bounds:IsValid=true, Min=(X=1312.806 Y=548.337 Z=-2806.309), Max=(X=1374.608 Y=799.681 Z=-2557.154) RuntimeGrid:None EditorOnly:0 RuntimeOnly:0 HLODRelevant:0
 |   |   |- [+] [ 46]
 |   |   |   |- Guid:1B8017A845351E03E556BA9F1A1E2793 BaseClass:/Game/MyBlueprints/BP_Obsticle.BP_Obsticle_C NativeClass:/Script/Engine.Actor Name:BP_Obsticle_C_UAID_10BF48885BE6636301_1577548135 Label:BP_Obsticle SpatiallyLoaded:1 Bounds:IsValid=true, Min=(X=1088.531 Y=778.333 Z=-898.544), Max=(X=1152.531 Y=842.333 Z=-834.544) RuntimeGrid:None EditorOnly:0 RuntimeOnly:0 HLODRelevant:0
 |   |   |- [+] [ 47]
 |   |   |   |- Guid:BFBB044746B97C30DCA6039CD1A7BA15 BaseClass:/Game/MyBlueprints/BP_Obsticle.BP_Obsticle_C NativeClass:/Script/Engine.Actor Name:BP_Obsticle_C_UAID_10BF48885BE6646301_1227406312 Label:BP_Obsticle2 SpatiallyLoaded:1 Bounds:IsValid=true, Min=(X=1275.595 Y=1166.975 Z=-994.278), Max=(X=1420.136 Y=1334.419 Z=-826.834) RuntimeGrid:None EditorOnly:0 RuntimeOnly:0 HLODRelevant:0
 |   |   |- [+] [ 48]
 |   |   |   |- Guid:89E78FE7454996F6F66061A430987ABB BaseClass:/Game/MyBlueprints/BP_Obsticle.BP_Obsticle_C NativeClass:/Script/Engine.Actor Name:BP_Obsticle_C_UAID_10BF48885BE6646301_1231954313 Label:BP_Obsticle3 SpatiallyLoaded:1 Bounds:IsValid=true, Min=(X=1289.952 Y=1328.272 Z=-733.924), Max=(X=1405.779 Y=1476.729 Z=-585.467) RuntimeGrid:None EditorOnly:0 RuntimeOnly:0 HLODRelevant:0
 |- ContainerInstances:
 |- [+] MainContainer:
 |   |-        ID: 0x0000000000000000
 |   |-    Bounds: IsValid=false, Min=(X=0.000 Y=0.000 Z=0.000), Max=(X=0.000 Y=0.000 Z=0.000)
 |   |- Transform: 0.000000,0.000000,0.000000|0.000000,0.000000,-0.000000|1.000000,1.000000,1.000000
 |   |- Container: /Game/ThirdPerson/Maps/ThirdPersonMap
----------------------------------------------------------------------------------------------------------------
ThirdPersonMap - Persistent Level
----------------------------------------------------------------------------------------------------------------
Always loaded Actor Count: 73 

----------------------------------------------------------------------------------------------------------------
ThirdPersonMap - Runtime Spatial Hash - Streaming Grid - MainGrid
----------------------------------------------------------------------------------------------------------------
            Origin: X=0.000 Y=0.000 Z=0.000
         Cell Size: 12800
      World Bounds: IsValid=false, Min=(X=0.000 Y=0.000 Z=0.000), Max=(X=0.000 Y=0.000 Z=0.000)
     Loading Range: 25600.00
Block Slow Loading: No
 ClientOnlyVisible: No

[+] Grid Levels: 1
 |- Level  0: Cell Count    0 | Cell Size   12800 | Actor Count    0 (0.0%)

[+] Content of Grid Level 0

